<?xml version="1.0" encoding="UTF-8"?>
<!-- Generated by org.testng.reporters.JUnitXMLReporter -->
<testsuite hostname="Karthikeyan-PC" ignored="0" name="Test" tests="1" failures="1" timestamp="21 Mar 2022 03:59:15 GMT" time="31.516" errors="0">
  <testcase name="Project" time="20.405" classname="tech.com.FlipKartPro">
    <failure type="java.lang.IndexOutOfBoundsException" message="Index: 1, Size: 1">
      <![CDATA[java.lang.IndexOutOfBoundsException: Index: 1, Size: 1
at java.util.ArrayList.rangeCheck(Unknown Source)
at java.util.ArrayList.get(Unknown Source)
at tech.com.FlipKartPro.addToCart(FlipKartPro.java:67)
at tech.com.FlipKartPro.Project(FlipKartPro.java:45)
... Removed 25 stack frames]]>
    </failure>
  </testcase> <!-- Project -->
</testsuite> <!-- Test -->
